
> afrigo-backend@1.0.0 build:docs
> cd documentation && npm run build


> documentation@0.0.0 build
> docusaurus build

[WARNING] The `siteConfig.onBrokenMarkdownLinks` config option is deprecated and will be removed in Docusaurus v4.
Please migrate and move this option to `siteConfig.markdown.hooks.onBrokenMarkdownLinks` instead.
[INFO] [en] Creating an optimized production build...
[WARNING] The `siteConfig.onBrokenMarkdownLinks` config option is deprecated and will be removed in Docusaurus v4.
Please migrate and move this option to `siteConfig.markdown.hooks.onBrokenMarkdownLinks` instead.
[WARNING] Duplicate routes found!
- Attempting to create page at /, but a page already exists at this route.
This could lead to non-deterministic routing behavior.
[webpackbar] ℹ Compiling Client
[webpackbar] ℹ Compiling Server
[webpackbar] ✔ Server: Compiled successfully in 844.35ms
[webpackbar] ✔ Client: Compiled successfully in 3.70s

[ERROR] Error: Unable to build website for locale en.
    at tryToBuildLocale (/Users/precieuxntsala/Afrigo Backend/documentation/node_modules/@docusaurus/core/lib/commands/build/build.js:83:15)
    at async /Users/precieuxntsala/Afrigo Backend/documentation/node_modules/@docusaurus/core/lib/commands/build/build.js:35:9
    ... 4 lines matching cause stack trace ...
    at async file:///Users/precieuxntsala/Afrigo%20Backend/documentation/node_modules/@docusaurus/core/bin/docusaurus.mjs:44:3 {
  [cause]: Error: Docusaurus found broken links!
  
  Please check the pages of your site in the list below, and make sure you don't reference any path that does not exist.
  Note: it's possible to ignore broken links with the 'onBrokenLinks' Docusaurus configuration, and let the build pass.
  
  Exhaustive list of all broken links found:
  - Broken link on source page path = /:
     -> linking to /docs/intro
  
      at throwError (/Users/precieuxntsala/Afrigo Backend/documentation/node_modules/@docusaurus/logger/lib/logger.js:80:11)
      at reportBrokenLinks (/Users/precieuxntsala/Afrigo Backend/documentation/node_modules/@docusaurus/core/lib/server/brokenLinks.js:250:47)
      at handleBrokenLinks (/Users/precieuxntsala/Afrigo Backend/documentation/node_modules/@docusaurus/core/lib/server/brokenLinks.js:282:5)
      at executeBrokenLinksCheck (/Users/precieuxntsala/Afrigo Backend/documentation/node_modules/@docusaurus/core/lib/commands/build/buildLocale.js:119:47)
      at /Users/precieuxntsala/Afrigo Backend/documentation/node_modules/@docusaurus/core/lib/commands/build/buildLocale.js:94:67
      at Object.async (/Users/precieuxntsala/Afrigo Backend/documentation/node_modules/@docusaurus/logger/lib/perfLogger.js:42:47)
      at buildLocale (/Users/precieuxntsala/Afrigo Backend/documentation/node_modules/@docusaurus/core/lib/commands/build/buildLocale.js:94:31)
      at async runBuildLocaleTask (/Users/precieuxntsala/Afrigo Backend/documentation/node_modules/@docusaurus/core/lib/commands/build/build.js:98:5)
      at async /Users/precieuxntsala/Afrigo Backend/documentation/node_modules/@docusaurus/core/lib/commands/build/build.js:79:13
      at async tryToBuildLocale (/Users/precieuxntsala/Afrigo Backend/documentation/node_modules/@docusaurus/core/lib/commands/build/build.js:75:9)
      at async /Users/precieuxntsala/Afrigo Backend/documentation/node_modules/@docusaurus/core/lib/commands/build/build.js:35:9
      at async mapAsyncSequential (/Users/precieuxntsala/Afrigo Backend/documentation/node_modules/@docusaurus/utils/lib/jsUtils.js:21:24)
      at async Command.build (/Users/precieuxntsala/Afrigo Backend/documentation/node_modules/@docusaurus/core/lib/commands/build/build.js:34:5)
      at async Promise.all (index 0)
      at async runCLI (/Users/precieuxntsala/Afrigo Backend/documentation/node_modules/@docusaurus/core/lib/commands/cli.js:56:5)
      at async file:///Users/precieuxntsala/Afrigo%20Backend/documentation/node_modules/@docusaurus/core/bin/docusaurus.mjs:44:3
}
[INFO] Docusaurus version: 3.9.2
Node version: v24.4.1
